21:25:47 **** Incremental Build of configuration Debug for project Car_Parking_Sensors ****
make all 
Building file: ../MCAL/adc.c
Invoking: AVR Compiler
avr-gcc -Wall -g2 -gstabs -O0 -fpack-struct -fshort-enums -ffunction-sections -fdata-sections -std=gnu99 -funsigned-char -funsigned-bitfields -mmcu=atmega32 -DF_CPU=16000000UL -MMD -MP -MF"MCAL/adc.d" -MT"MCAL/adc.o" -c -o "MCAL/adc.o" "../MCAL/adc.c"
Finished building: ../MCAL/adc.c
 
Building file: ../MCAL/external_interrupts.c
Invoking: AVR Compiler
avr-gcc -Wall -g2 -gstabs -O0 -fpack-struct -fshort-enums -ffunction-sections -fdata-sections -std=gnu99 -funsigned-char -funsigned-bitfields -mmcu=atmega32 -DF_CPU=16000000UL -MMD -MP -MF"MCAL/external_interrupts.d" -MT"MCAL/external_interrupts.o" -c -o "MCAL/external_interrupts.o" "../MCAL/external_interrupts.c"
../MCAL/external_interrupts.c: In function 'external_interrupt_setCallBack':
../MCAL/external_interrupts.c:163: warning: function return types not compatible due to 'volatile'
../MCAL/external_interrupts.c:166: warning: function return types not compatible due to 'volatile'
../MCAL/external_interrupts.c:169: warning: function return types not compatible due to 'volatile'
Finished building: ../MCAL/external_interrupts.c
 
Building file: ../MCAL/gpio.c
Invoking: AVR Compiler
avr-gcc -Wall -g2 -gstabs -O0 -fpack-struct -fshort-enums -ffunction-sections -fdata-sections -std=gnu99 -funsigned-char -funsigned-bitfields -mmcu=atmega32 -DF_CPU=16000000UL -MMD -MP -MF"MCAL/gpio.d" -MT"MCAL/gpio.o" -c -o "MCAL/gpio.o" "../MCAL/gpio.c"
Finished building: ../MCAL/gpio.c
 
Building file: ../MCAL/icu.c
Invoking: AVR Compiler
avr-gcc -Wall -g2 -gstabs -O0 -fpack-struct -fshort-enums -ffunction-sections -fdata-sections -std=gnu99 -funsigned-char -funsigned-bitfields -mmcu=atmega32 -DF_CPU=16000000UL -MMD -MP -MF"MCAL/icu.d" -MT"MCAL/icu.o" -c -o "MCAL/icu.o" "../MCAL/icu.c"
../MCAL/icu.c: In function 'ICU_setCallBack':
../MCAL/icu.c:73: warning: function return types not compatible due to 'volatile'
Finished building: ../MCAL/icu.c
 
Building file: ../MCAL/timer.c
Invoking: AVR Compiler
avr-gcc -Wall -g2 -gstabs -O0 -fpack-struct -fshort-enums -ffunction-sections -fdata-sections -std=gnu99 -funsigned-char -funsigned-bitfields -mmcu=atmega32 -DF_CPU=16000000UL -MMD -MP -MF"MCAL/timer.d" -MT"MCAL/timer.o" -c -o "MCAL/timer.o" "../MCAL/timer.c"
../MCAL/timer.c: In function 'Timer_getTimerValue':
../MCAL/timer.c:282: warning: control reaches end of non-void function
../MCAL/timer.c: In function 'Timer_setCallBack':
../MCAL/timer.c:292: warning: function return types not compatible due to 'volatile'
../MCAL/timer.c:295: warning: function return types not compatible due to 'volatile'
../MCAL/timer.c:298: warning: function return types not compatible due to 'volatile'
Finished building: ../MCAL/timer.c
 
Building file: ../HAL/buzzer.c
Invoking: AVR Compiler
avr-gcc -Wall -g2 -gstabs -O0 -fpack-struct -fshort-enums -ffunction-sections -fdata-sections -std=gnu99 -funsigned-char -funsigned-bitfields -mmcu=atmega32 -DF_CPU=16000000UL -MMD -MP -MF"HAL/buzzer.d" -MT"HAL/buzzer.o" -c -o "HAL/buzzer.o" "../HAL/buzzer.c"
Finished building: ../HAL/buzzer.c
 
Building file: ../HAL/ir_sensor.c
Invoking: AVR Compiler
avr-gcc -Wall -g2 -gstabs -O0 -fpack-struct -fshort-enums -ffunction-sections -fdata-sections -std=gnu99 -funsigned-char -funsigned-bitfields -mmcu=atmega32 -DF_CPU=16000000UL -MMD -MP -MF"HAL/ir_sensor.d" -MT"HAL/ir_sensor.o" -c -o "HAL/ir_sensor.o" "../HAL/ir_sensor.c"
Finished building: ../HAL/ir_sensor.c
 
Building file: ../HAL/lcd.c
Invoking: AVR Compiler
avr-gcc -Wall -g2 -gstabs -O0 -fpack-struct -fshort-enums -ffunction-sections -fdata-sections -std=gnu99 -funsigned-char -funsigned-bitfields -mmcu=atmega32 -DF_CPU=16000000UL -MMD -MP -MF"HAL/lcd.d" -MT"HAL/lcd.o" -c -o "HAL/lcd.o" "../HAL/lcd.c"
In file included from ../HAL/lcd.h:11,
                 from ../HAL/lcd.c:7:
c:/winavr-20100110/lib/gcc/../../avr/include/util/delay.h:90:3: warning: #warning "Compiler optimizations disabled; functions from <util/delay.h> won't work as designed"
Finished building: ../HAL/lcd.c
 
Building file: ../HAL/three_leds.c
Invoking: AVR Compiler
avr-gcc -Wall -g2 -gstabs -O0 -fpack-struct -fshort-enums -ffunction-sections -fdata-sections -std=gnu99 -funsigned-char -funsigned-bitfields -mmcu=atmega32 -DF_CPU=16000000UL -MMD -MP -MF"HAL/three_leds.d" -MT"HAL/three_leds.o" -c -o "HAL/three_leds.o" "../HAL/three_leds.c"
Finished building: ../HAL/three_leds.c
 
Building file: ../HAL/ultrasonic_sensor.c
Invoking: AVR Compiler
avr-gcc -Wall -g2 -gstabs -O0 -fpack-struct -fshort-enums -ffunction-sections -fdata-sections -std=gnu99 -funsigned-char -funsigned-bitfields -mmcu=atmega32 -DF_CPU=16000000UL -MMD -MP -MF"HAL/ultrasonic_sensor.d" -MT"HAL/ultrasonic_sensor.o" -c -o "HAL/ultrasonic_sensor.o" "../HAL/ultrasonic_sensor.c"
In file included from ../HAL/ultrasonic_sensor.c:8:
c:/winavr-20100110/lib/gcc/../../avr/include/util/delay.h:90:3: warning: #warning "Compiler optimizations disabled; functions from <util/delay.h> won't work as designed"
Finished building: ../HAL/ultrasonic_sensor.c
 
Building file: ../Application/Car_Parking_Sensor.c
Invoking: AVR Compiler
avr-gcc -Wall -g2 -gstabs -O0 -fpack-struct -fshort-enums -ffunction-sections -fdata-sections -std=gnu99 -funsigned-char -funsigned-bitfields -mmcu=atmega32 -DF_CPU=16000000UL -MMD -MP -MF"Application/Car_Parking_Sensor.d" -MT"Application/Car_Parking_Sensor.o" -c -o "Application/Car_Parking_Sensor.o" "../Application/Car_Parking_Sensor.c"
In file included from ../Application/Car_Parking_Sensor.c:8:
c:/winavr-20100110/lib/gcc/../../avr/include/util/delay.h:90:3: warning: #warning "Compiler optimizations disabled; functions from <util/delay.h> won't work as designed"
Finished building: ../Application/Car_Parking_Sensor.c
 
Building target: Car_Parking_Sensors.elf
Invoking: AVR C Linker
avr-gcc -Wl,-Map,Car_Parking_Sensors.map -mmcu=atmega32 -o "Car_Parking_Sensors.elf"  ./MCAL/adc.o ./MCAL/external_interrupts.o ./MCAL/gpio.o ./MCAL/icu.o ./MCAL/timer.o  ./HAL/buzzer.o ./HAL/ir_sensor.o ./HAL/lcd.o ./HAL/three_leds.o ./HAL/ultrasonic_sensor.o  ./Application/Car_Parking_Sensor.o   
Finished building target: Car_Parking_Sensors.elf
 
Invoking: AVR Create Extended Listing
avr-objdump -h -S Car_Parking_Sensors.elf  >"Car_Parking_Sensors.lss"
Finished building: Car_Parking_Sensors.lss
 
Invoking: Print Size
avr-size --format=avr --mcu=atmega32 Car_Parking_Sensors.elf
AVR Memory Usage
----------------
Device: atmega32

Program:   17166 bytes (52.4% Full)
(.text + .data + .bootloader)

Data:        321 bytes (15.7% Full)
(.data + .bss + .noinit)


Finished building: sizedummy
 

21:25:50 Build Finished. 0 errors, 11 warnings. (took 2s.879ms)

