01:46:50 **** Incremental Build of configuration Debug for project AVR_ATmega32 ****
make all 
Invoking: Print Size
avr-size --format=avr --mcu=atmega32 AVR_ATmega32.elf
AVR Memory Usage
----------------
Device: atmega32

Program:   22216 bytes (67.8% Full)
(.text + .data + .bootloader)

Data:        332 bytes (16.2% Full)
(.data + .bss + .noinit)


Finished building: sizedummy
 
01:47:27 **** Incremental Build of configuration Debug for project AVR_ATmega32 ****
make all 
Invoking: Print Size
avr-size --format=avr --mcu=atmega32 AVR_ATmega32.elf
AVR Memory Usage
----------------
Device: atmega32

Program:   22216 bytes (67.8% Full)
(.text + .data + .bootloader)

Data:        332 bytes (16.2% Full)
(.data + .bss + .noinit)


Finished building: sizedummy
 
02:03:42 **** Incremental Build of configuration Debug for project AVR_ATmega32 ****
make all 
Invoking: Print Size
avr-size --format=avr --mcu=atmega32 AVR_ATmega32.elf
AVR Memory Usage
----------------
Device: atmega32

Program:   22216 bytes (67.8% Full)
(.text + .data + .bootloader)

Data:        332 bytes (16.2% Full)
(.data + .bss + .noinit)


Finished building: sizedummy
 
02:23:21 **** Incremental Build of configuration Debug for project AVR_ATmega32 ****
make all 
Building file: ../APP/Application.c
Invoking: AVR Compiler
avr-gcc -Wall -g2 -gstabs -O0 -fpack-struct -fshort-enums -ffunction-sections -fdata-sections -std=gnu99 -funsigned-char -funsigned-bitfields -mmcu=atmega32 -DF_CPU=16000000UL -MMD -MP -MF"APP/Application.d" -MT"APP/Application.o" -c -o "APP/Application.o" "../APP/Application.c"
In file included from ../APP/../HAL/Ultrasonic/ultrasonic_sensor.h:15,
                 from ../APP/Application.h:16,
                 from ../APP/Application.c:8:
c:/winavr-20100110/lib/gcc/../../avr/include/util/delay.h:90:3: warning: #warning "Compiler optimizations disabled; functions from <util/delay.h> won't work as designed"
Finished building: ../APP/Application.c
 
Building target: AVR_ATmega32.elf
Invoking: AVR C Linker
avr-gcc -Wl,-Map,AVR_ATmega32.map -mmcu=atmega32 -o "AVR_ATmega32.elf"  ./MCAL/UART/UART.o  ./MCAL/TIMER/timer.o  ./MCAL/PWM/pwm.o  ./MCAL/ICU/icu.o  ./MCAL/GPIO/gpio.o  ./MCAL/EXT_INT/EXT_INT.o  ./HAL/Ultrasonic/ultrasonic_sensor.o  ./HAL/PIR/pir.o  ./HAL/MOTOR/motor.o  ./HAL/LCD/lcd.o  ./HAL/BUZZER/buzzer.o  ./HAL/3\ Leds/leds.o  ./APP/Application.o   
Finished building target: AVR_ATmega32.elf
 
Invoking: AVR Create Extended Listing
avr-objdump -h -S AVR_ATmega32.elf  >"AVR_ATmega32.lss"
Finished building: AVR_ATmega32.lss
 
Create Flash image (ihex format)
avr-objcopy -R .eeprom -R .fuse -R .lock -R .signature -O ihex AVR_ATmega32.elf  "AVR_ATmega32.hex"
Finished building: AVR_ATmega32.hex
 
Invoking: Print Size
avr-size --format=avr --mcu=atmega32 AVR_ATmega32.elf
AVR Memory Usage
----------------
Device: atmega32

Program:   22132 bytes (67.5% Full)
(.text + .data + .bootloader)

Data:        332 bytes (16.2% Full)
(.data + .bss + .noinit)


Finished building: sizedummy
 
02:23:46 **** Incremental Build of configuration Debug for project AVR_ATmega32 ****
make all 
Invoking: Print Size
avr-size --format=avr --mcu=atmega32 AVR_ATmega32.elf
AVR Memory Usage
----------------
Device: atmega32

Program:   22132 bytes (67.5% Full)
(.text + .data + .bootloader)

Data:        332 bytes (16.2% Full)
(.data + .bss + .noinit)


Finished building: sizedummy
 
02:23:58 **** Incremental Build of configuration Debug for project AVR_ATmega32 ****
make all 
Building file: ../APP/Application.c
Invoking: AVR Compiler
avr-gcc -Wall -g2 -gstabs -O0 -fpack-struct -fshort-enums -ffunction-sections -fdata-sections -std=gnu99 -funsigned-char -funsigned-bitfields -mmcu=atmega32 -DF_CPU=16000000UL -MMD -MP -MF"APP/Application.d" -MT"APP/Application.o" -c -o "APP/Application.o" "../APP/Application.c"
In file included from ../APP/../HAL/Ultrasonic/ultrasonic_sensor.h:15,
                 from ../APP/Application.h:16,
                 from ../APP/Application.c:8:
c:/winavr-20100110/lib/gcc/../../avr/include/util/delay.h:90:3: warning: #warning "Compiler optimizations disabled; functions from <util/delay.h> won't work as designed"
Finished building: ../APP/Application.c
 
Building target: AVR_ATmega32.elf
Invoking: AVR C Linker
avr-gcc -Wl,-Map,AVR_ATmega32.map -mmcu=atmega32 -o "AVR_ATmega32.elf"  ./MCAL/UART/UART.o  ./MCAL/TIMER/timer.o  ./MCAL/PWM/pwm.o  ./MCAL/ICU/icu.o  ./MCAL/GPIO/gpio.o  ./MCAL/EXT_INT/EXT_INT.o  ./HAL/Ultrasonic/ultrasonic_sensor.o  ./HAL/PIR/pir.o  ./HAL/MOTOR/motor.o  ./HAL/LCD/lcd.o  ./HAL/BUZZER/buzzer.o  ./HAL/3\ Leds/leds.o  ./APP/Application.o   
Finished building target: AVR_ATmega32.elf
 
Invoking: AVR Create Extended Listing
avr-objdump -h -S AVR_ATmega32.elf  >"AVR_ATmega32.lss"
Finished building: AVR_ATmega32.lss
 
Create Flash image (ihex format)
avr-objcopy -R .eeprom -R .fuse -R .lock -R .signature -O ihex AVR_ATmega32.elf  "AVR_ATmega32.hex"
Finished building: AVR_ATmega32.hex
 
Invoking: Print Size
avr-size --format=avr --mcu=atmega32 AVR_ATmega32.elf
AVR Memory Usage
----------------
Device: atmega32

Program:   22084 bytes (67.4% Full)
(.text + .data + .bootloader)

Data:        332 bytes (16.2% Full)
(.data + .bss + .noinit)


Finished building: sizedummy
 
02:24:35 **** Incremental Build of configuration Debug for project AVR_ATmega32 ****
make all 
Building file: ../APP/Application.c
Invoking: AVR Compiler
avr-gcc -Wall -g2 -gstabs -O0 -fpack-struct -fshort-enums -ffunction-sections -fdata-sections -std=gnu99 -funsigned-char -funsigned-bitfields -mmcu=atmega32 -DF_CPU=16000000UL -MMD -MP -MF"APP/Application.d" -MT"APP/Application.o" -c -o "APP/Application.o" "../APP/Application.c"
In file included from ../APP/../HAL/Ultrasonic/ultrasonic_sensor.h:15,
                 from ../APP/Application.h:16,
                 from ../APP/Application.c:8:
c:/winavr-20100110/lib/gcc/../../avr/include/util/delay.h:90:3: warning: #warning "Compiler optimizations disabled; functions from <util/delay.h> won't work as designed"
Finished building: ../APP/Application.c
 
Building target: AVR_ATmega32.elf
Invoking: AVR C Linker
avr-gcc -Wl,-Map,AVR_ATmega32.map -mmcu=atmega32 -o "AVR_ATmega32.elf"  ./MCAL/UART/UART.o  ./MCAL/TIMER/timer.o  ./MCAL/PWM/pwm.o  ./MCAL/ICU/icu.o  ./MCAL/GPIO/gpio.o  ./MCAL/EXT_INT/EXT_INT.o  ./HAL/Ultrasonic/ultrasonic_sensor.o  ./HAL/PIR/pir.o  ./HAL/MOTOR/motor.o  ./HAL/LCD/lcd.o  ./HAL/BUZZER/buzzer.o  ./HAL/3\ Leds/leds.o  ./APP/Application.o   
Finished building target: AVR_ATmega32.elf
 
Invoking: AVR Create Extended Listing
avr-objdump -h -S AVR_ATmega32.elf  >"AVR_ATmega32.lss"
Finished building: AVR_ATmega32.lss
 
Create Flash image (ihex format)
avr-objcopy -R .eeprom -R .fuse -R .lock -R .signature -O ihex AVR_ATmega32.elf  "AVR_ATmega32.hex"
Finished building: AVR_ATmega32.hex
 
Invoking: Print Size
avr-size --format=avr --mcu=atmega32 AVR_ATmega32.elf
AVR Memory Usage
----------------
Device: atmega32

Program:   22124 bytes (67.5% Full)
(.text + .data + .bootloader)

Data:        332 bytes (16.2% Full)
(.data + .bss + .noinit)


Finished building: sizedummy
 
02:26:37 **** Incremental Build of configuration Debug for project AVR_ATmega32 ****
make all 
Building file: ../APP/Application.c
Invoking: AVR Compiler
avr-gcc -Wall -g2 -gstabs -O0 -fpack-struct -fshort-enums -ffunction-sections -fdata-sections -std=gnu99 -funsigned-char -funsigned-bitfields -mmcu=atmega32 -DF_CPU=16000000UL -MMD -MP -MF"APP/Application.d" -MT"APP/Application.o" -c -o "APP/Application.o" "../APP/Application.c"
In file included from ../APP/../HAL/Ultrasonic/ultrasonic_sensor.h:15,
                 from ../APP/Application.h:16,
                 from ../APP/Application.c:8:
c:/winavr-20100110/lib/gcc/../../avr/include/util/delay.h:90:3: warning: #warning "Compiler optimizations disabled; functions from <util/delay.h> won't work as designed"
Finished building: ../APP/Application.c
 
Building target: AVR_ATmega32.elf
Invoking: AVR C Linker
avr-gcc -Wl,-Map,AVR_ATmega32.map -mmcu=atmega32 -o "AVR_ATmega32.elf"  ./MCAL/UART/UART.o  ./MCAL/TIMER/timer.o  ./MCAL/PWM/pwm.o  ./MCAL/ICU/icu.o  ./MCAL/GPIO/gpio.o  ./MCAL/EXT_INT/EXT_INT.o  ./HAL/Ultrasonic/ultrasonic_sensor.o  ./HAL/PIR/pir.o  ./HAL/MOTOR/motor.o  ./HAL/LCD/lcd.o  ./HAL/BUZZER/buzzer.o  ./HAL/3\ Leds/leds.o  ./APP/Application.o   
Finished building target: AVR_ATmega32.elf
 
Invoking: AVR Create Extended Listing
avr-objdump -h -S AVR_ATmega32.elf  >"AVR_ATmega32.lss"
Finished building: AVR_ATmega32.lss
 
Create Flash image (ihex format)
avr-objcopy -R .eeprom -R .fuse -R .lock -R .signature -O ihex AVR_ATmega32.elf  "AVR_ATmega32.hex"
Finished building: AVR_ATmega32.hex
 
Invoking: Print Size
avr-size --format=avr --mcu=atmega32 AVR_ATmega32.elf
AVR Memory Usage
----------------
Device: atmega32

Program:   22216 bytes (67.8% Full)
(.text + .data + .bootloader)

Data:        332 bytes (16.2% Full)
(.data + .bss + .noinit)


Finished building: sizedummy
 
02:44:18 **** Incremental Build of configuration Debug for project AVR_ATmega32 ****
make all 
Building file: ../APP/Application.c
Invoking: AVR Compiler
avr-gcc -Wall -g2 -gstabs -O0 -fpack-struct -fshort-enums -ffunction-sections -fdata-sections -std=gnu99 -funsigned-char -funsigned-bitfields -mmcu=atmega32 -DF_CPU=16000000UL -MMD -MP -MF"APP/Application.d" -MT"APP/Application.o" -c -o "APP/Application.o" "../APP/Application.c"
In file included from ../APP/../HAL/Ultrasonic/ultrasonic_sensor.h:15,
                 from ../APP/Application.h:16,
                 from ../APP/Application.c:8:
c:/winavr-20100110/lib/gcc/../../avr/include/util/delay.h:90:3: warning: #warning "Compiler optimizations disabled; functions from <util/delay.h> won't work as designed"
Finished building: ../APP/Application.c
 
Building target: AVR_ATmega32.elf
Invoking: AVR C Linker
avr-gcc -Wl,-Map,AVR_ATmega32.map -mmcu=atmega32 -o "AVR_ATmega32.elf"  ./MCAL/UART/UART.o  ./MCAL/TIMER/timer.o  ./MCAL/PWM/pwm.o  ./MCAL/ICU/icu.o  ./MCAL/GPIO/gpio.o  ./MCAL/EXT_INT/EXT_INT.o  ./HAL/Ultrasonic/ultrasonic_sensor.o  ./HAL/PIR/pir.o  ./HAL/MOTOR/motor.o  ./HAL/LCD/lcd.o  ./HAL/BUZZER/buzzer.o  ./HAL/3\ Leds/leds.o  ./APP/Application.o   
Finished building target: AVR_ATmega32.elf
 
Invoking: AVR Create Extended Listing
avr-objdump -h -S AVR_ATmega32.elf  >"AVR_ATmega32.lss"
Finished building: AVR_ATmega32.lss
 
Create Flash image (ihex format)
avr-objcopy -R .eeprom -R .fuse -R .lock -R .signature -O ihex AVR_ATmega32.elf  "AVR_ATmega32.hex"
Finished building: AVR_ATmega32.hex
 
Invoking: Print Size
avr-size --format=avr --mcu=atmega32 AVR_ATmega32.elf
AVR Memory Usage
----------------
Device: atmega32

Program:   22144 bytes (67.6% Full)
(.text + .data + .bootloader)

Data:        332 bytes (16.2% Full)
(.data + .bss + .noinit)


Finished building: sizedummy
 
02:44:41 **** Incremental Build of configuration Debug for project AVR_ATmega32 ****
make all 
Building file: ../APP/Application.c
Invoking: AVR Compiler
avr-gcc -Wall -g2 -gstabs -O0 -fpack-struct -fshort-enums -ffunction-sections -fdata-sections -std=gnu99 -funsigned-char -funsigned-bitfields -mmcu=atmega32 -DF_CPU=16000000UL -MMD -MP -MF"APP/Application.d" -MT"APP/Application.o" -c -o "APP/Application.o" "../APP/Application.c"
In file included from ../APP/../HAL/Ultrasonic/ultrasonic_sensor.h:15,
                 from ../APP/Application.h:16,
                 from ../APP/Application.c:8:
c:/winavr-20100110/lib/gcc/../../avr/include/util/delay.h:90:3: warning: #warning "Compiler optimizations disabled; functions from <util/delay.h> won't work as designed"
Finished building: ../APP/Application.c
 
Building target: AVR_ATmega32.elf
Invoking: AVR C Linker
avr-gcc -Wl,-Map,AVR_ATmega32.map -mmcu=atmega32 -o "AVR_ATmega32.elf"  ./MCAL/UART/UART.o  ./MCAL/TIMER/timer.o  ./MCAL/PWM/pwm.o  ./MCAL/ICU/icu.o  ./MCAL/GPIO/gpio.o  ./MCAL/EXT_INT/EXT_INT.o  ./HAL/Ultrasonic/ultrasonic_sensor.o  ./HAL/PIR/pir.o  ./HAL/MOTOR/motor.o  ./HAL/LCD/lcd.o  ./HAL/BUZZER/buzzer.o  ./HAL/3\ Leds/leds.o  ./APP/Application.o   
Finished building target: AVR_ATmega32.elf
 
Invoking: AVR Create Extended Listing
avr-objdump -h -S AVR_ATmega32.elf  >"AVR_ATmega32.lss"
Finished building: AVR_ATmega32.lss
 
Create Flash image (ihex format)
avr-objcopy -R .eeprom -R .fuse -R .lock -R .signature -O ihex AVR_ATmega32.elf  "AVR_ATmega32.hex"
Finished building: AVR_ATmega32.hex
 
Invoking: Print Size
avr-size --format=avr --mcu=atmega32 AVR_ATmega32.elf
AVR Memory Usage
----------------
Device: atmega32

Program:   22180 bytes (67.7% Full)
(.text + .data + .bootloader)

Data:        332 bytes (16.2% Full)
(.data + .bss + .noinit)


Finished building: sizedummy
 
02:44:44 **** Incremental Build of configuration Debug for project AVR_ATmega32 ****
make all 
Invoking: Print Size
avr-size --format=avr --mcu=atmega32 AVR_ATmega32.elf
AVR Memory Usage
----------------
Device: atmega32

Program:   22180 bytes (67.7% Full)
(.text + .data + .bootloader)

Data:        332 bytes (16.2% Full)
(.data + .bss + .noinit)


Finished building: sizedummy
 
