22:03:24 **** Incremental Build of configuration Debug for project Control_Car_Using_Bluetooth ****
make all 
Building file: ../HAL/motor.c
Invoking: AVR Compiler
avr-gcc -Wall -g2 -gstabs -O0 -fpack-struct -fshort-enums -ffunction-sections -fdata-sections -std=gnu99 -funsigned-char -funsigned-bitfields -mmcu=atmega32 -DF_CPU=16000000UL -MMD -MP -MF"HAL/motor.d" -MT"HAL/motor.o" -c -o "HAL/motor.o" "../HAL/motor.c"
In file included from ../HAL/motor.c:10:
c:/winavr-20100110/lib/gcc/../../avr/include/util/delay.h:90:3: warning: #warning "Compiler optimizations disabled; functions from <util/delay.h> won't work as designed"
Finished building: ../HAL/motor.c
 
Building target: Control_Car_Using_Bluetooth.elf
Invoking: AVR C Linker
avr-gcc -Wl,-Map,Control_Car_Using_Bluetooth.map -mmcu=atmega32 -o "Control_Car_Using_Bluetooth.elf"  ./MCAL/gpio.o ./MCAL/pwm.o ./MCAL/uart.o  ./HAL/motor.o  ./APPLICATION/Control_Car_Using_Bluetooth.o   
Finished building target: Control_Car_Using_Bluetooth.elf
 
Invoking: AVR Create Extended Listing
avr-objdump -h -S Control_Car_Using_Bluetooth.elf  >"Control_Car_Using_Bluetooth.lss"
Finished building: Control_Car_Using_Bluetooth.lss
 
Create Flash image (ihex format)
avr-objcopy -R .eeprom -R .fuse -R .lock -R .signature -O ihex Control_Car_Using_Bluetooth.elf  "Control_Car_Using_Bluetooth.hex"
Finished building: Control_Car_Using_Bluetooth.hex
 
Invoking: Print Size
avr-size --format=avr --mcu=atmega32 Control_Car_Using_Bluetooth.elf
AVR Memory Usage
----------------
Device: atmega32

Program:    7954 bytes (24.3% Full)
(.text + .data + .bootloader)

Data:         17 bytes (0.8% Full)
(.data + .bss + .noinit)


Finished building: sizedummy
 

22:03:25 Build Finished. 0 errors, 1 warnings. (took 1s.32ms)

