23:38:41 **** Incremental Build of configuration Debug for project Control_Car_Using_Bluetooth ****
make all 
Invoking: Print Size
avr-size --format=avr --mcu=atmega32 Control_Car_Using_Bluetooth.elf
AVR Memory Usage
----------------
Device: atmega32

Program:    3440 bytes (10.5% Full)
(.text + .data + .bootloader)

Data:          8 bytes (0.4% Full)
(.data + .bss + .noinit)


Finished building: sizedummy
 
23:40:58 **** Incremental Build of configuration Debug for project Control_Car_Using_Bluetooth ****
make all 
Building file: ../APPLICATION/Control_Car_Using_Bluetooth.c
Invoking: AVR Compiler
avr-gcc -Wall -g2 -gstabs -O0 -fpack-struct -fshort-enums -ffunction-sections -fdata-sections -std=gnu99 -funsigned-char -funsigned-bitfields -mmcu=atmega32 -DF_CPU=16000000UL -MMD -MP -MF"APPLICATION/Control_Car_Using_Bluetooth.d" -MT"APPLICATION/Control_Car_Using_Bluetooth.o" -c -o "APPLICATION/Control_Car_Using_Bluetooth.o" "../APPLICATION/Control_Car_Using_Bluetooth.c"
../APPLICATION/Control_Car_Using_Bluetooth.c: In function 'motorSpeed':
../APPLICATION/Control_Car_Using_Bluetooth.c:33: warning: control reaches end of non-void function
Finished building: ../APPLICATION/Control_Car_Using_Bluetooth.c
 
Building target: Control_Car_Using_Bluetooth.elf
Invoking: AVR C Linker
avr-gcc -Wl,-Map,Control_Car_Using_Bluetooth.map -mmcu=atmega32 -o "Control_Car_Using_Bluetooth.elf"  ./MCAL/gpio.o ./MCAL/pwm.o ./MCAL/uart.o  ./HAL/motor.o  ./APPLICATION/Control_Car_Using_Bluetooth.o   
Finished building target: Control_Car_Using_Bluetooth.elf
 
Invoking: AVR Create Extended Listing
avr-objdump -h -S Control_Car_Using_Bluetooth.elf  >"Control_Car_Using_Bluetooth.lss"
Finished building: Control_Car_Using_Bluetooth.lss
 
Invoking: Print Size
avr-size --format=avr --mcu=atmega32 Control_Car_Using_Bluetooth.elf
AVR Memory Usage
----------------
Device: atmega32

Program:    3440 bytes (10.5% Full)
(.text + .data + .bootloader)

Data:          8 bytes (0.4% Full)
(.data + .bss + .noinit)


Finished building: sizedummy
 
23:41:16 **** Incremental Build of configuration Debug for project Control_Car_Using_Bluetooth ****
make all 
Building file: ../APPLICATION/Control_Car_Using_Bluetooth.c
Invoking: AVR Compiler
avr-gcc -Wall -g2 -gstabs -O0 -fpack-struct -fshort-enums -ffunction-sections -fdata-sections -std=gnu99 -funsigned-char -funsigned-bitfields -mmcu=atmega32 -DF_CPU=16000000UL -MMD -MP -MF"APPLICATION/Control_Car_Using_Bluetooth.d" -MT"APPLICATION/Control_Car_Using_Bluetooth.o" -c -o "APPLICATION/Control_Car_Using_Bluetooth.o" "../APPLICATION/Control_Car_Using_Bluetooth.c"
../APPLICATION/Control_Car_Using_Bluetooth.c: In function 'motorSpeed':
../APPLICATION/Control_Car_Using_Bluetooth.c:33: warning: control reaches end of non-void function
Finished building: ../APPLICATION/Control_Car_Using_Bluetooth.c
 
Building target: Control_Car_Using_Bluetooth.elf
Invoking: AVR C Linker
avr-gcc -Wl,-Map,Control_Car_Using_Bluetooth.map -mmcu=atmega32 -o "Control_Car_Using_Bluetooth.elf"  ./MCAL/gpio.o ./MCAL/pwm.o ./MCAL/uart.o  ./HAL/motor.o  ./APPLICATION/Control_Car_Using_Bluetooth.o   
Finished building target: Control_Car_Using_Bluetooth.elf
 
Invoking: AVR Create Extended Listing
avr-objdump -h -S Control_Car_Using_Bluetooth.elf  >"Control_Car_Using_Bluetooth.lss"
Finished building: Control_Car_Using_Bluetooth.lss
 
Invoking: Print Size
avr-size --format=avr --mcu=atmega32 Control_Car_Using_Bluetooth.elf
AVR Memory Usage
----------------
Device: atmega32

Program:    3440 bytes (10.5% Full)
(.text + .data + .bootloader)

Data:          8 bytes (0.4% Full)
(.data + .bss + .noinit)


Finished building: sizedummy
 
23:41:32 **** Incremental Build of configuration Debug for project Control_Car_Using_Bluetooth ****
make all 
Invoking: Print Size
avr-size --format=avr --mcu=atmega32 Control_Car_Using_Bluetooth.elf
AVR Memory Usage
----------------
Device: atmega32

Program:    3440 bytes (10.5% Full)
(.text + .data + .bootloader)

Data:          8 bytes (0.4% Full)
(.data + .bss + .noinit)


Finished building: sizedummy
 
23:43:19 **** Incremental Build of configuration Debug for project Control_Car_Using_Bluetooth ****
make all 
Invoking: Print Size
avr-size --format=avr --mcu=atmega32 Control_Car_Using_Bluetooth.elf
AVR Memory Usage
----------------
Device: atmega32

Program:    3440 bytes (10.5% Full)
(.text + .data + .bootloader)

Data:          8 bytes (0.4% Full)
(.data + .bss + .noinit)


Finished building: sizedummy
 
23:45:08 **** Incremental Build of configuration Debug for project Control_Car_Using_Bluetooth ****
make all 
Building file: ../APPLICATION/Control_Car_Using_Bluetooth.c
Invoking: AVR Compiler
avr-gcc -Wall -g2 -gstabs -O0 -fpack-struct -fshort-enums -ffunction-sections -fdata-sections -std=gnu99 -funsigned-char -funsigned-bitfields -mmcu=atmega32 -DF_CPU=16000000UL -MMD -MP -MF"APPLICATION/Control_Car_Using_Bluetooth.d" -MT"APPLICATION/Control_Car_Using_Bluetooth.o" -c -o "APPLICATION/Control_Car_Using_Bluetooth.o" "../APPLICATION/Control_Car_Using_Bluetooth.c"
../APPLICATION/Control_Car_Using_Bluetooth.c: In function 'motorSpeed':
../APPLICATION/Control_Car_Using_Bluetooth.c:33: warning: control reaches end of non-void function
Finished building: ../APPLICATION/Control_Car_Using_Bluetooth.c
 
Building target: Control_Car_Using_Bluetooth.elf
Invoking: AVR C Linker
avr-gcc -Wl,-Map,Control_Car_Using_Bluetooth.map -mmcu=atmega32 -o "Control_Car_Using_Bluetooth.elf"  ./MCAL/gpio.o ./MCAL/pwm.o ./MCAL/uart.o  ./HAL/motor.o  ./APPLICATION/Control_Car_Using_Bluetooth.o   
Finished building target: Control_Car_Using_Bluetooth.elf
 
Invoking: AVR Create Extended Listing
avr-objdump -h -S Control_Car_Using_Bluetooth.elf  >"Control_Car_Using_Bluetooth.lss"
Finished building: Control_Car_Using_Bluetooth.lss
 
Invoking: Print Size
avr-size --format=avr --mcu=atmega32 Control_Car_Using_Bluetooth.elf
AVR Memory Usage
----------------
Device: atmega32

Program:    3436 bytes (10.5% Full)
(.text + .data + .bootloader)

Data:          8 bytes (0.4% Full)
(.data + .bss + .noinit)


Finished building: sizedummy
 
23:45:47 **** Incremental Build of configuration Debug for project Control_Car_Using_Bluetooth ****
make all 
Invoking: Print Size
avr-size --format=avr --mcu=atmega32 Control_Car_Using_Bluetooth.elf
AVR Memory Usage
----------------
Device: atmega32

Program:    3436 bytes (10.5% Full)
(.text + .data + .bootloader)

Data:          8 bytes (0.4% Full)
(.data + .bss + .noinit)


Finished building: sizedummy
 
23:50:09 **** Incremental Build of configuration Debug for project Control_Car_Using_Bluetooth ****
make all 
Building file: ../APPLICATION/Control_Car_Using_Bluetooth.c
Invoking: AVR Compiler
avr-gcc -Wall -g2 -gstabs -O0 -fpack-struct -fshort-enums -ffunction-sections -fdata-sections -std=gnu99 -funsigned-char -funsigned-bitfields -mmcu=atmega32 -DF_CPU=16000000UL -MMD -MP -MF"APPLICATION/Control_Car_Using_Bluetooth.d" -MT"APPLICATION/Control_Car_Using_Bluetooth.o" -c -o "APPLICATION/Control_Car_Using_Bluetooth.o" "../APPLICATION/Control_Car_Using_Bluetooth.c"
../APPLICATION/Control_Car_Using_Bluetooth.c: In function 'motorSpeed':
../APPLICATION/Control_Car_Using_Bluetooth.c:33: warning: control reaches end of non-void function
Finished building: ../APPLICATION/Control_Car_Using_Bluetooth.c
 
Building target: Control_Car_Using_Bluetooth.elf
Invoking: AVR C Linker
avr-gcc -Wl,-Map,Control_Car_Using_Bluetooth.map -mmcu=atmega32 -o "Control_Car_Using_Bluetooth.elf"  ./MCAL/gpio.o ./MCAL/pwm.o ./MCAL/uart.o  ./HAL/motor.o  ./APPLICATION/Control_Car_Using_Bluetooth.o   
Finished building target: Control_Car_Using_Bluetooth.elf
 
Invoking: AVR Create Extended Listing
avr-objdump -h -S Control_Car_Using_Bluetooth.elf  >"Control_Car_Using_Bluetooth.lss"
Finished building: Control_Car_Using_Bluetooth.lss
 
Invoking: Print Size
avr-size --format=avr --mcu=atmega32 Control_Car_Using_Bluetooth.elf
AVR Memory Usage
----------------
Device: atmega32

Program:    3416 bytes (10.4% Full)
(.text + .data + .bootloader)

Data:          8 bytes (0.4% Full)
(.data + .bss + .noinit)


Finished building: sizedummy
 
23:50:11 **** Incremental Build of configuration Debug for project Control_Car_Using_Bluetooth ****
make all 
Invoking: Print Size
avr-size --format=avr --mcu=atmega32 Control_Car_Using_Bluetooth.elf
AVR Memory Usage
----------------
Device: atmega32

Program:    3416 bytes (10.4% Full)
(.text + .data + .bootloader)

Data:          8 bytes (0.4% Full)
(.data + .bss + .noinit)


Finished building: sizedummy
 
23:52:02 **** Incremental Build of configuration Debug for project Control_Car_Using_Bluetooth ****
make all 
Building file: ../APPLICATION/Control_Car_Using_Bluetooth.c
Invoking: AVR Compiler
avr-gcc -Wall -g2 -gstabs -O0 -fpack-struct -fshort-enums -ffunction-sections -fdata-sections -std=gnu99 -funsigned-char -funsigned-bitfields -mmcu=atmega32 -DF_CPU=16000000UL -MMD -MP -MF"APPLICATION/Control_Car_Using_Bluetooth.d" -MT"APPLICATION/Control_Car_Using_Bluetooth.o" -c -o "APPLICATION/Control_Car_Using_Bluetooth.o" "../APPLICATION/Control_Car_Using_Bluetooth.c"
../APPLICATION/Control_Car_Using_Bluetooth.c: In function 'motorSpeed':
../APPLICATION/Control_Car_Using_Bluetooth.c:33: warning: control reaches end of non-void function
Finished building: ../APPLICATION/Control_Car_Using_Bluetooth.c
 
Building target: Control_Car_Using_Bluetooth.elf
Invoking: AVR C Linker
avr-gcc -Wl,-Map,Control_Car_Using_Bluetooth.map -mmcu=atmega32 -o "Control_Car_Using_Bluetooth.elf"  ./MCAL/gpio.o ./MCAL/pwm.o ./MCAL/uart.o  ./HAL/motor.o  ./APPLICATION/Control_Car_Using_Bluetooth.o   
Finished building target: Control_Car_Using_Bluetooth.elf
 
Invoking: AVR Create Extended Listing
avr-objdump -h -S Control_Car_Using_Bluetooth.elf  >"Control_Car_Using_Bluetooth.lss"
Finished building: Control_Car_Using_Bluetooth.lss
 
Invoking: Print Size
avr-size --format=avr --mcu=atmega32 Control_Car_Using_Bluetooth.elf
AVR Memory Usage
----------------
Device: atmega32

Program:    3410 bytes (10.4% Full)
(.text + .data + .bootloader)

Data:          8 bytes (0.4% Full)
(.data + .bss + .noinit)


Finished building: sizedummy
 
23:52:15 **** Incremental Build of configuration Debug for project Control_Car_Using_Bluetooth ****
make all 
Invoking: Print Size
avr-size --format=avr --mcu=atmega32 Control_Car_Using_Bluetooth.elf
AVR Memory Usage
----------------
Device: atmega32

Program:    3410 bytes (10.4% Full)
(.text + .data + .bootloader)

Data:          8 bytes (0.4% Full)
(.data + .bss + .noinit)


Finished building: sizedummy
 
23:56:23 **** Incremental Build of configuration Debug for project Control_Car_Using_Bluetooth ****
make all 
Building file: ../APPLICATION/Control_Car_Using_Bluetooth.c
Invoking: AVR Compiler
avr-gcc -Wall -g2 -gstabs -O0 -fpack-struct -fshort-enums -ffunction-sections -fdata-sections -std=gnu99 -funsigned-char -funsigned-bitfields -mmcu=atmega32 -DF_CPU=16000000UL -MMD -MP -MF"APPLICATION/Control_Car_Using_Bluetooth.d" -MT"APPLICATION/Control_Car_Using_Bluetooth.o" -c -o "APPLICATION/Control_Car_Using_Bluetooth.o" "../APPLICATION/Control_Car_Using_Bluetooth.c"
../APPLICATION/Control_Car_Using_Bluetooth.c: In function 'motorSpeed':
../APPLICATION/Control_Car_Using_Bluetooth.c:33: warning: control reaches end of non-void function
../APPLICATION/Control_Car_Using_Bluetooth.c: In function 'main':
../APPLICATION/Control_Car_Using_Bluetooth.c:47: error: called object 'recievedMSG' is not a function
make: *** [APPLICATION/Control_Car_Using_Bluetooth.o] Error 1
"make all" terminated with exit code 2. Build might be incomplete.
23:56:28 **** Incremental Build of configuration Debug for project Control_Car_Using_Bluetooth ****
make all 
Building file: ../APPLICATION/Control_Car_Using_Bluetooth.c
Invoking: AVR Compiler
avr-gcc -Wall -g2 -gstabs -O0 -fpack-struct -fshort-enums -ffunction-sections -fdata-sections -std=gnu99 -funsigned-char -funsigned-bitfields -mmcu=atmega32 -DF_CPU=16000000UL -MMD -MP -MF"APPLICATION/Control_Car_Using_Bluetooth.d" -MT"APPLICATION/Control_Car_Using_Bluetooth.o" -c -o "APPLICATION/Control_Car_Using_Bluetooth.o" "../APPLICATION/Control_Car_Using_Bluetooth.c"
../APPLICATION/Control_Car_Using_Bluetooth.c: In function 'motorSpeed':
../APPLICATION/Control_Car_Using_Bluetooth.c:33: warning: control reaches end of non-void function
Finished building: ../APPLICATION/Control_Car_Using_Bluetooth.c
 
Building target: Control_Car_Using_Bluetooth.elf
Invoking: AVR C Linker
avr-gcc -Wl,-Map,Control_Car_Using_Bluetooth.map -mmcu=atmega32 -o "Control_Car_Using_Bluetooth.elf"  ./MCAL/gpio.o ./MCAL/pwm.o ./MCAL/uart.o  ./HAL/motor.o  ./APPLICATION/Control_Car_Using_Bluetooth.o   
Finished building target: Control_Car_Using_Bluetooth.elf
 
Invoking: AVR Create Extended Listing
avr-objdump -h -S Control_Car_Using_Bluetooth.elf  >"Control_Car_Using_Bluetooth.lss"
Finished building: Control_Car_Using_Bluetooth.lss
 
Invoking: Print Size
avr-size --format=avr --mcu=atmega32 Control_Car_Using_Bluetooth.elf
AVR Memory Usage
----------------
Device: atmega32

Program:    3408 bytes (10.4% Full)
(.text + .data + .bootloader)

Data:          8 bytes (0.4% Full)
(.data + .bss + .noinit)


Finished building: sizedummy
 
23:56:36 **** Incremental Build of configuration Debug for project Control_Car_Using_Bluetooth ****
make all 
Building file: ../APPLICATION/Control_Car_Using_Bluetooth.c
Invoking: AVR Compiler
avr-gcc -Wall -g2 -gstabs -O0 -fpack-struct -fshort-enums -ffunction-sections -fdata-sections -std=gnu99 -funsigned-char -funsigned-bitfields -mmcu=atmega32 -DF_CPU=16000000UL -MMD -MP -MF"APPLICATION/Control_Car_Using_Bluetooth.d" -MT"APPLICATION/Control_Car_Using_Bluetooth.o" -c -o "APPLICATION/Control_Car_Using_Bluetooth.o" "../APPLICATION/Control_Car_Using_Bluetooth.c"
../APPLICATION/Control_Car_Using_Bluetooth.c: In function 'motorSpeed':
../APPLICATION/Control_Car_Using_Bluetooth.c:33: warning: control reaches end of non-void function
Finished building: ../APPLICATION/Control_Car_Using_Bluetooth.c
 
Building target: Control_Car_Using_Bluetooth.elf
Invoking: AVR C Linker
avr-gcc -Wl,-Map,Control_Car_Using_Bluetooth.map -mmcu=atmega32 -o "Control_Car_Using_Bluetooth.elf"  ./MCAL/gpio.o ./MCAL/pwm.o ./MCAL/uart.o  ./HAL/motor.o  ./APPLICATION/Control_Car_Using_Bluetooth.o   
Finished building target: Control_Car_Using_Bluetooth.elf
 
Invoking: AVR Create Extended Listing
avr-objdump -h -S Control_Car_Using_Bluetooth.elf  >"Control_Car_Using_Bluetooth.lss"
Finished building: Control_Car_Using_Bluetooth.lss
 
Invoking: Print Size
avr-size --format=avr --mcu=atmega32 Control_Car_Using_Bluetooth.elf
AVR Memory Usage
----------------
Device: atmega32

Program:    3414 bytes (10.4% Full)
(.text + .data + .bootloader)

Data:          8 bytes (0.4% Full)
(.data + .bss + .noinit)


Finished building: sizedummy
 
23:56:46 **** Incremental Build of configuration Debug for project Control_Car_Using_Bluetooth ****
make all 
Invoking: Print Size
avr-size --format=avr --mcu=atmega32 Control_Car_Using_Bluetooth.elf
AVR Memory Usage
----------------
Device: atmega32

Program:    3414 bytes (10.4% Full)
(.text + .data + .bootloader)

Data:          8 bytes (0.4% Full)
(.data + .bss + .noinit)


Finished building: sizedummy
 
23:57:32 **** Incremental Build of configuration Debug for project Control_Car_Using_Bluetooth ****
make all 
Building file: ../APPLICATION/Control_Car_Using_Bluetooth.c
Invoking: AVR Compiler
avr-gcc -Wall -g2 -gstabs -O0 -fpack-struct -fshort-enums -ffunction-sections -fdata-sections -std=gnu99 -funsigned-char -funsigned-bitfields -mmcu=atmega32 -DF_CPU=16000000UL -MMD -MP -MF"APPLICATION/Control_Car_Using_Bluetooth.d" -MT"APPLICATION/Control_Car_Using_Bluetooth.o" -c -o "APPLICATION/Control_Car_Using_Bluetooth.o" "../APPLICATION/Control_Car_Using_Bluetooth.c"
../APPLICATION/Control_Car_Using_Bluetooth.c: In function 'motorSpeed':
../APPLICATION/Control_Car_Using_Bluetooth.c:33: warning: control reaches end of non-void function
Finished building: ../APPLICATION/Control_Car_Using_Bluetooth.c
 
Building target: Control_Car_Using_Bluetooth.elf
Invoking: AVR C Linker
avr-gcc -Wl,-Map,Control_Car_Using_Bluetooth.map -mmcu=atmega32 -o "Control_Car_Using_Bluetooth.elf"  ./MCAL/gpio.o ./MCAL/pwm.o ./MCAL/uart.o  ./HAL/motor.o  ./APPLICATION/Control_Car_Using_Bluetooth.o   
Finished building target: Control_Car_Using_Bluetooth.elf
 
Invoking: AVR Create Extended Listing
avr-objdump -h -S Control_Car_Using_Bluetooth.elf  >"Control_Car_Using_Bluetooth.lss"
Finished building: Control_Car_Using_Bluetooth.lss
 
Invoking: Print Size
avr-size --format=avr --mcu=atmega32 Control_Car_Using_Bluetooth.elf
AVR Memory Usage
----------------
Device: atmega32

Program:    3420 bytes (10.4% Full)
(.text + .data + .bootloader)

Data:          8 bytes (0.4% Full)
(.data + .bss + .noinit)


Finished building: sizedummy
 
13:24:09 **** Incremental Build of configuration Debug for project Control_Car_Using_Bluetooth ****
make all 
Building file: ../MCAL/gpio.c
Invoking: AVR Compiler
avr-gcc -Wall -g2 -gstabs -O0 -fpack-struct -fshort-enums -ffunction-sections -fdata-sections -std=gnu99 -funsigned-char -funsigned-bitfields -mmcu=atmega32 -DF_CPU=16000000UL -MMD -MP -MF"MCAL/gpio.d" -MT"MCAL/gpio.o" -c -o "MCAL/gpio.o" "../MCAL/gpio.c"
Finished building: ../MCAL/gpio.c
 
Building file: ../MCAL/pwm.c
Invoking: AVR Compiler
avr-gcc -Wall -g2 -gstabs -O0 -fpack-struct -fshort-enums -ffunction-sections -fdata-sections -std=gnu99 -funsigned-char -funsigned-bitfields -mmcu=atmega32 -DF_CPU=16000000UL -MMD -MP -MF"MCAL/pwm.d" -MT"MCAL/pwm.o" -c -o "MCAL/pwm.o" "../MCAL/pwm.c"
Finished building: ../MCAL/pwm.c
 
Building file: ../MCAL/uart.c
Invoking: AVR Compiler
avr-gcc -Wall -g2 -gstabs -O0 -fpack-struct -fshort-enums -ffunction-sections -fdata-sections -std=gnu99 -funsigned-char -funsigned-bitfields -mmcu=atmega32 -DF_CPU=16000000UL -MMD -MP -MF"MCAL/uart.d" -MT"MCAL/uart.o" -c -o "MCAL/uart.o" "../MCAL/uart.c"
Finished building: ../MCAL/uart.c
 
Building file: ../HAL/motor.c
Invoking: AVR Compiler
avr-gcc -Wall -g2 -gstabs -O0 -fpack-struct -fshort-enums -ffunction-sections -fdata-sections -std=gnu99 -funsigned-char -funsigned-bitfields -mmcu=atmega32 -DF_CPU=16000000UL -MMD -MP -MF"HAL/motor.d" -MT"HAL/motor.o" -c -o "HAL/motor.o" "../HAL/motor.c"
Finished building: ../HAL/motor.c
 
Building file: ../APPLICATION/Control_Car_Using_Bluetooth.c
Invoking: AVR Compiler
avr-gcc -Wall -g2 -gstabs -O0 -fpack-struct -fshort-enums -ffunction-sections -fdata-sections -std=gnu99 -funsigned-char -funsigned-bitfields -mmcu=atmega32 -DF_CPU=16000000UL -MMD -MP -MF"APPLICATION/Control_Car_Using_Bluetooth.d" -MT"APPLICATION/Control_Car_Using_Bluetooth.o" -c -o "APPLICATION/Control_Car_Using_Bluetooth.o" "../APPLICATION/Control_Car_Using_Bluetooth.c"
../APPLICATION/Control_Car_Using_Bluetooth.c: In function 'motorSpeed':
../APPLICATION/Control_Car_Using_Bluetooth.c:33: warning: control reaches end of non-void function
Finished building: ../APPLICATION/Control_Car_Using_Bluetooth.c
 
Building target: Control_Car_Using_Bluetooth.elf
Invoking: AVR C Linker
avr-gcc -Wl,-Map,Control_Car_Using_Bluetooth.map -mmcu=atmega32 -o "Control_Car_Using_Bluetooth.elf"  ./MCAL/gpio.o ./MCAL/pwm.o ./MCAL/uart.o  ./HAL/motor.o  ./APPLICATION/Control_Car_Using_Bluetooth.o   
Finished building target: Control_Car_Using_Bluetooth.elf
 
Invoking: AVR Create Extended Listing
avr-objdump -h -S Control_Car_Using_Bluetooth.elf  >"Control_Car_Using_Bluetooth.lss"
Finished building: Control_Car_Using_Bluetooth.lss
 
Invoking: Print Size
avr-size --format=avr --mcu=atmega32 Control_Car_Using_Bluetooth.elf
AVR Memory Usage
----------------
Device: atmega32

Program:    3420 bytes (10.4% Full)
(.text + .data + .bootloader)

Data:          8 bytes (0.4% Full)
(.data + .bss + .noinit)


Finished building: sizedummy
 
13:24:47 **** Incremental Build of configuration Debug for project Control_Car_Using_Bluetooth ****
make all 
Building target: Control_Car_Using_Bluetooth.elf
Invoking: AVR C Linker
avr-gcc -Wl,-Map,Control_Car_Using_Bluetooth.map -mmcu=atmega32 -o "Control_Car_Using_Bluetooth.elf"  ./MCAL/gpio.o ./MCAL/pwm.o ./MCAL/uart.o  ./HAL/motor.o  ./APPLICATION/Control_Car_Using_Bluetooth.o   
Finished building target: Control_Car_Using_Bluetooth.elf
 
Invoking: AVR Create Extended Listing
avr-objdump -h -S Control_Car_Using_Bluetooth.elf  >"Control_Car_Using_Bluetooth.lss"
Finished building: Control_Car_Using_Bluetooth.lss
 
Create Flash image (ihex format)
avr-objcopy -R .eeprom -R .fuse -R .lock -R .signature -O ihex Control_Car_Using_Bluetooth.elf  "Control_Car_Using_Bluetooth.hex"
Finished building: Control_Car_Using_Bluetooth.hex
 
Invoking: Print Size
avr-size --format=avr --mcu=atmega32 Control_Car_Using_Bluetooth.elf
AVR Memory Usage
----------------
Device: atmega32

Program:    3420 bytes (10.4% Full)
(.text + .data + .bootloader)

Data:          8 bytes (0.4% Full)
(.data + .bss + .noinit)


Finished building: sizedummy
 
